<?xml version="1.0" encoding="UTF-8"?>
<!-- Generated by org.testng.reporters.JUnitXMLReporter -->
<testsuite ignored="0" hostname="HBPTesting" failures="0" tests="8" name="Default test" time="549.303" errors="0" timestamp="2024-07-12T13:28:51 IST">
  <testcase classname="divya.AutomationPrograms.Atlas_rename" name="Login" time="43.514"/>
  <testcase classname="divya.AutomationPrograms.Atlas_rename" name="table" time="8.747"/>
  <testcase classname="divya.AutomationPrograms.Atlas_rename" name="Direct_Draw_page" time="15.65"/>
  <testcase classname="divya.AutomationPrograms.Atlas_rename" name="search" time="8.542"/>
  <testcase classname="divya.AutomationPrograms.Atlas_rename" name="drawSquareInMiddle" time="9.457"/>
  <testcase classname="divya.AutomationPrograms.Atlas_rename" name="selectRegion" time="226.936"/>
  <testcase classname="divya.AutomationPrograms.Atlas_rename" name="DeleteRegion" time="20.493"/>
  <testcase classname="divya.AutomationPrograms.Atlas_rename" name="Save_Del_region" time="5.17"/>
</testsuite> <!-- Default test -->
