<?xml version="1.0" encoding="UTF-8"?>
<testng-results ignored="0" total="8" passed="8" failed="0" skipped="0">
  <reporter-output>
  </reporter-output>
  <suite started-at="2024-07-12T13:19:42 IST" name="Default suite" finished-at="2024-07-12T13:28:51 IST" duration-ms="549303">
    <groups>
    </groups>
    <test started-at="2024-07-12T13:19:42 IST" name="Default test" finished-at="2024-07-12T13:28:51 IST" duration-ms="549303">
      <class name="divya.AutomationPrograms.Atlas_rename">
        <test-method is-config="true" signature="setup()[pri:0, instance:divya.AutomationPrograms.Atlas_rename@1151e434]" started-at="2024-07-12T13:19:42 IST" name="setup" finished-at="2024-07-12T13:23:12 IST" duration-ms="210404" status="PASS">
          <reporter-output>
          </reporter-output>
        </test-method> <!-- setup -->
        <test-method signature="Login()[pri:1, instance:divya.AutomationPrograms.Atlas_rename@1151e434]" started-at="2024-07-12T13:23:12 IST" name="Login" finished-at="2024-07-12T13:23:56 IST" duration-ms="43514" status="PASS">
          <reporter-output>
          </reporter-output>
        </test-method> <!-- Login -->
        <test-method signature="table()[pri:2, instance:divya.AutomationPrograms.Atlas_rename@1151e434]" started-at="2024-07-12T13:23:56 IST" name="table" finished-at="2024-07-12T13:24:05 IST" duration-ms="8747" status="PASS">
          <reporter-output>
          </reporter-output>
        </test-method> <!-- table -->
        <test-method signature="Direct_Draw_page()[pri:3, instance:divya.AutomationPrograms.Atlas_rename@1151e434]" started-at="2024-07-12T13:24:05 IST" name="Direct_Draw_page" finished-at="2024-07-12T13:24:20 IST" duration-ms="15650" status="PASS">
          <reporter-output>
          </reporter-output>
        </test-method> <!-- Direct_Draw_page -->
        <test-method signature="search()[pri:4, instance:divya.AutomationPrograms.Atlas_rename@1151e434]" started-at="2024-07-12T13:24:20 IST" name="search" finished-at="2024-07-12T13:24:29 IST" duration-ms="8542" status="PASS">
          <reporter-output>
          </reporter-output>
        </test-method> <!-- search -->
        <test-method signature="drawSquareInMiddle()[pri:5, instance:divya.AutomationPrograms.Atlas_rename@1151e434]" started-at="2024-07-12T13:24:29 IST" name="drawSquareInMiddle" finished-at="2024-07-12T13:24:38 IST" duration-ms="9457" status="PASS">
          <reporter-output>
          </reporter-output>
        </test-method> <!-- drawSquareInMiddle -->
        <test-method signature="selectRegion()[pri:6, instance:divya.AutomationPrograms.Atlas_rename@1151e434]" started-at="2024-07-12T13:24:38 IST" name="selectRegion" finished-at="2024-07-12T13:28:25 IST" duration-ms="226936" status="PASS">
          <reporter-output>
          </reporter-output>
        </test-method> <!-- selectRegion -->
        <test-method signature="DeleteRegion()[pri:7, instance:divya.AutomationPrograms.Atlas_rename@1151e434]" started-at="2024-07-12T13:28:25 IST" name="DeleteRegion" finished-at="2024-07-12T13:28:46 IST" duration-ms="20493" status="PASS">
          <reporter-output>
          </reporter-output>
        </test-method> <!-- DeleteRegion -->
        <test-method signature="Save_Del_region()[pri:8, instance:divya.AutomationPrograms.Atlas_rename@1151e434]" started-at="2024-07-12T13:28:46 IST" name="Save_Del_region" finished-at="2024-07-12T13:28:51 IST" duration-ms="5170" status="PASS">
          <reporter-output>
          </reporter-output>
        </test-method> <!-- Save_Del_region -->
        <test-method is-config="true" signature="tearDown()[pri:0, instance:divya.AutomationPrograms.Atlas_rename@1151e434]" started-at="2024-07-12T13:28:51 IST" name="tearDown" finished-at="2024-07-12T13:28:51 IST" duration-ms="314" status="PASS">
          <reporter-output>
          </reporter-output>
        </test-method> <!-- tearDown -->
      </class> <!-- divya.AutomationPrograms.Atlas_rename -->
    </test> <!-- Default test -->
  </suite> <!-- Default suite -->
</testng-results>
