<?xml version="1.0" encoding="UTF-8"?>
<testng-results ignored="0" total="1" passed="1" failed="0" skipped="0">
  <reporter-output>
  </reporter-output>
  <suite started-at="2024-07-11T12:59:46 IST" name="Default suite" finished-at="2024-07-11T13:00:09 IST" duration-ms="23089">
    <groups>
    </groups>
    <test started-at="2024-07-11T12:59:46 IST" name="Default test" finished-at="2024-07-11T13:00:09 IST" duration-ms="23089">
      <class name="divya.AutomationPrograms.Api_Atlas_Dashboard">
        <test-method signature="testAPIs()[pri:0, instance:divya.AutomationPrograms.Api_Atlas_Dashboard@618425b5]" started-at="2024-07-11T12:59:46 IST" name="testAPIs" finished-at="2024-07-11T13:00:09 IST" duration-ms="23056" status="PASS">
          <reporter-output>
          </reporter-output>
        </test-method> <!-- testAPIs -->
      </class> <!-- divya.AutomationPrograms.Api_Atlas_Dashboard -->
    </test> <!-- Default test -->
  </suite> <!-- Default suite -->
</testng-results>
